<?xml version="1.0" encoding="UTF-8"?>
<!-- Generated by org.testng.reporters.JUnitReportReporter -->
<testsuite hostname="LAPTOP-QTI51FKI" failures="0" tests="2" name="testscripts.SubCategoryTest" time="10.902" errors="0" timestamp="2025-04-25T14:56:20 IST" skipped="0">
  <testcase classname="testscripts.SubCategoryTest" name="verifySearchSubcategory" time="5.092"/>
  <testcase classname="testscripts.SubCategoryTest" name="verifySearchSubcategory" time="5.810"/>
</testsuite> <!-- testscripts.SubCategoryTest -->
