<?xml version="1.0" encoding="UTF-8"?>
<!-- Generated by org.testng.reporters.JUnitReportReporter -->
<testsuite hostname="LAPTOP-QTI51FKI" failures="0" tests="2" name="testscripts.ManageNewsTest" time="10.040" errors="0" timestamp="2025-04-24T23:23:33 IST" skipped="0">
  <testcase classname="testscripts.ManageNewsTest" name="verifyAddNewsOnManageNews" time="5.568"/>
  <testcase classname="testscripts.ManageNewsTest" name="verifyEditNewsOnManageNews" time="4.472"/>
</testsuite> <!-- testscripts.ManageNewsTest -->
