<?xml version="1.0" encoding="UTF-8"?>
<!-- Generated by org.testng.reporters.JUnitReportReporter -->
<testsuite hostname="LAPTOP-QTI51FKI" failures="0" tests="1" name="testscripts.ManageContactTest" time="7.306" errors="0" timestamp="2025-04-24T23:22:11 IST" skipped="0">
  <testcase classname="testscripts.ManageContactTest" name="verifyUserCanUpdateContactsOnManageContacts" time="7.306"/>
</testsuite> <!-- testscripts.ManageContactTest -->
