<?xml version="1.0" encoding="UTF-8"?>
<!-- Generated by org.testng.reporters.JUnitReportReporter -->
<testsuite hostname="LAPTOP-QTI51FKI" failures="0" tests="1" name="testscripts.ManageCategoryTest" time="5.465" errors="0" timestamp="2025-04-24T23:20:04 IST" skipped="0">
  <testcase classname="testscripts.ManageCategoryTest" name="verifyAddNewCategory" time="5.465"/>
</testsuite> <!-- testscripts.ManageCategoryTest -->
