<?xml version="1.0" encoding="UTF-8"?>
<!-- Generated by org.testng.reporters.JUnitReportReporter -->
<testsuite hostname="LAPTOP-QTI51FKI" failures="0" tests="2" name="testscripts.AdminUserTest" time="10.313" errors="0" timestamp="2025-04-24T23:14:11 IST" skipped="0">
  <testcase classname="testscripts.AdminUserTest" name="verifySucessUserCreation" time="6.346"/>
  <testcase classname="testscripts.AdminUserTest" name="verifySearchingExistingUser" time="3.967"/>
</testsuite> <!-- testscripts.AdminUserTest -->
