<?xml version="1.0" encoding="UTF-8"?>
<!-- Generated by org.testng.reporters.JUnitReportReporter -->
<testsuite hostname="LAPTOP-QTI51FKI" failures="0" tests="6" name="testscripts.LoginTests" time="62.369" errors="0" timestamp="2025-04-25T10:23:14 IST" skipped="0">
  <testcase classname="testscripts.LoginTests" name="verifyUserLoginWithCorrectCredentials" time="7.712"/>
  <testcase classname="testscripts.LoginTests" name="verifyUserLoginWithInvalidUsernameAndInvalidPassword" time="7.263"/>
  <testcase classname="testscripts.LoginTests" name="verifyUserLoginWithValidUsernameAndIncorrectPassword" time="39.356"/>
  <testcase classname="testscripts.LoginTests" name="verifyUserLoginWithInvalidUsernameAndInvalidPassword" time="2.639"/>
  <testcase classname="testscripts.LoginTests" name="verifyUserLoginWithInvalidUsernameAndInvalidPassword" time="2.619"/>
  <testcase classname="testscripts.LoginTests" name="verifyUserLoginWithInvalidUsernameAndCorrectPassword" time="2.780"/>
</testsuite> <!-- testscripts.LoginTests -->
