<?xml version="1.0" encoding="UTF-8"?>
<!-- Generated by org.testng.reporters.JUnitReportReporter -->
<testsuite hostname="LAPTOP-QTI51FKI" failures="0" tests="6" name="testscripts.LoginTests" time="25.767" errors="0" timestamp="2025-04-25T21:05:59 IST" skipped="0">
  <testcase classname="testscripts.LoginTests" name="verifyUserLoginWithCorrectCredentials" time="5.160"/>
  <testcase classname="testscripts.LoginTests" name="verifyUserLoginWithInvalidUsernameAndInvalidPassword" time="3.231"/>
  <testcase classname="testscripts.LoginTests" name="verifyUserLoginWithInvalidUsernameAndInvalidPassword" time="5.930"/>
  <testcase classname="testscripts.LoginTests" name="verifyUserLoginWithValidUsernameAndIncorrectPassword" time="2.762"/>
  <testcase classname="testscripts.LoginTests" name="verifyUserLoginWithInvalidUsernameAndCorrectPassword" time="3.495"/>
  <testcase classname="testscripts.LoginTests" name="verifyUserLoginWithInvalidUsernameAndInvalidPassword" time="5.189"/>
</testsuite> <!-- testscripts.LoginTests -->
